0 info it worked if it ends with ok
1 verbose cli [ 'node',
1 verbose cli   'C:\\Program Files\\iojs\\node_modules\\npm\\bin\\npm-cli.js',
1 verbose cli   'start' ]
2 info using npm@2.1.18
3 info using node@v0.10.28
4 verbose run-script [ 'prestart', 'start', 'poststart' ]
5 info prestart askph@1.0.0
6 info start askph@1.0.0
7 verbose unsafe-perm in lifecycle true
8 info askph@1.0.0 Failed to exec start script
9 verbose stack Error: askph@1.0.0 start: `iojs index`
9 verbose stack Exit status 1
9 verbose stack     at EventEmitter.<anonymous> (C:\Program Files\iojs\node_modules\npm\lib\utils\lifecycle.js:212:16)
9 verbose stack     at EventEmitter.emit (events.js:98:17)
9 verbose stack     at ChildProcess.<anonymous> (C:\Program Files\iojs\node_modules\npm\lib\utils\spawn.js:14:12)
9 verbose stack     at ChildProcess.EventEmitter.emit (events.js:98:17)
9 verbose stack     at maybeClose (child_process.js:753:16)
9 verbose stack     at Process.ChildProcess._handle.onexit (child_process.js:820:5)
10 verbose pkgid askph@1.0.0
11 verbose cwd C:\dev\askph
12 error Windows_NT 6.1.7601
13 error argv "node" "C:\\Program Files\\iojs\\node_modules\\npm\\bin\\npm-cli.js" "start"
14 error node v0.10.28
15 error npm  v2.1.18
16 error code ELIFECYCLE
17 error askph@1.0.0 start: `iojs index`
17 error Exit status 1
18 error Failed at the askph@1.0.0 start script 'iojs index'.
18 error This is most likely a problem with the askph package,
18 error not with npm itself.
18 error Tell the author that this fails on your system:
18 error     iojs index
18 error You can get their info via:
18 error     npm owner ls askph
18 error There is likely additional logging output above.
19 verbose exit [ 1, true ]
